<?xml version="1.0" encoding="UTF-8"?>
<coverage generated="1727374229893" clover="3.2.0">
  <project timestamp="1727374229893" name="All files">
    <metrics statements="15" coveredstatements="15" conditionals="2" coveredconditionals="2" methods="4" coveredmethods="4" elements="21" coveredelements="21" complexity="0" loc="15" ncloc="15" packages="1" files="2" classes="2"/>
    <file name="getBuffer.js" path="C:\Users\Julie\OneDrive\Рабочий стол\Homework\ArrayBufferConverter\src\getBuffer.js">
      <metrics statements="6" coveredstatements="6" conditionals="0" coveredconditionals="0" methods="1" coveredmethods="1"/>
      <line num="3" count="3" type="stmt"/>
      <line num="4" count="3" type="stmt"/>
      <line num="5" count="3" type="stmt"/>
      <line num="6" count="3" type="stmt"/>
      <line num="7" count="159" type="stmt"/>
      <line num="9" count="3" type="stmt"/>
    </file>
    <file name="index.js" path="C:\Users\Julie\OneDrive\Рабочий стол\Homework\ArrayBufferConverter\src\index.js">
      <metrics statements="9" coveredstatements="9" conditionals="2" coveredconditionals="2" methods="3" coveredmethods="3"/>
      <line num="3" count="3" type="stmt"/>
      <line num="7" count="2" type="stmt"/>
      <line num="11" count="2" type="cond" truecount="2" falsecount="0"/>
      <line num="12" count="1" type="stmt"/>
      <line num="15" count="1" type="stmt"/>
      <line num="16" count="1" type="stmt"/>
      <line num="17" count="1" type="stmt"/>
      <line num="18" count="53" type="stmt"/>
      <line num="20" count="1" type="stmt"/>
    </file>
  </project>
</coverage>
