{"C:\\Users\\Julie\\OneDrive\\Рабочий стол\\Homework\\ArrayBufferConverter\\src\\getBuffer.js": {"path":"C:\\Users\\Julie\\OneDrive\\Рабочий стол\\Homework\\ArrayBufferConverter\\src\\getBuffer.js","statementMap":{"0":{"start":{"line":3,"column":15},"end":{"line":3,"column":70}},"1":{"start":{"line":4,"column":17},"end":{"line":4,"column":49}},"2":{"start":{"line":5,"column":21},"end":{"line":5,"column":44}},"3":{"start":{"line":6,"column":2},"end":{"line":8,"column":3}},"4":{"start":{"line":6,"column":15},"end":{"line":6,"column":16}},"5":{"start":{"line":7,"column":4},"end":{"line":7,"column":39}},"6":{"start":{"line":9,"column":2},"end":{"line":9,"column":16}}},"fnMap":{"0":{"name":"getBuffer","decl":{"start":{"line":2,"column":16},"end":{"line":2,"column":25}},"loc":{"start":{"line":2,"column":28},"end":{"line":10,"column":1}},"line":2}},"branchMap":{},"s":{"0":3,"1":3,"2":3,"3":3,"4":3,"5":159,"6":3},"f":{"0":3},"b":{},"_coverageSchema":"1a1c01bbd47fc00a2c39e90264f33305004495a9","hash":"47814f13c9a8cfac34e42861d77a91c92860807d"}
,"C:\\Users\\Julie\\OneDrive\\Рабочий стол\\Homework\\ArrayBufferConverter\\src\\index.js": {"path":"C:\\Users\\Julie\\OneDrive\\Рабочий стол\\Homework\\ArrayBufferConverter\\src\\index.js","statementMap":{"0":{"start":{"line":3,"column":4},"end":{"line":3,"column":23}},"1":{"start":{"line":7,"column":4},"end":{"line":7,"column":25}},"2":{"start":{"line":11,"column":4},"end":{"line":13,"column":5}},"3":{"start":{"line":12,"column":6},"end":{"line":12,"column":43}},"4":{"start":{"line":15,"column":17},"end":{"line":15,"column":45}},"5":{"start":{"line":16,"column":14},"end":{"line":16,"column":16}},"6":{"start":{"line":17,"column":4},"end":{"line":19,"column":5}},"7":{"start":{"line":17,"column":17},"end":{"line":17,"column":18}},"8":{"start":{"line":18,"column":6},"end":{"line":18,"column":42}},"9":{"start":{"line":20,"column":4},"end":{"line":20,"column":15}}},"fnMap":{"0":{"name":"(anonymous_0)","decl":{"start":{"line":2,"column":2},"end":{"line":2,"column":3}},"loc":{"start":{"line":2,"column":16},"end":{"line":4,"column":3}},"line":2},"1":{"name":"(anonymous_1)","decl":{"start":{"line":6,"column":2},"end":{"line":6,"column":3}},"loc":{"start":{"line":6,"column":15},"end":{"line":8,"column":3}},"line":6},"2":{"name":"(anonymous_2)","decl":{"start":{"line":10,"column":2},"end":{"line":10,"column":3}},"loc":{"start":{"line":10,"column":13},"end":{"line":21,"column":3}},"line":10}},"branchMap":{"0":{"loc":{"start":{"line":11,"column":4},"end":{"line":13,"column":5}},"type":"if","locations":[{"start":{"line":11,"column":4},"end":{"line":13,"column":5}},{"start":{},"end":{}}],"line":11}},"s":{"0":3,"1":2,"2":2,"3":1,"4":1,"5":1,"6":1,"7":1,"8":53,"9":1},"f":{"0":3,"1":2,"2":2},"b":{"0":[1,1]},"_coverageSchema":"1a1c01bbd47fc00a2c39e90264f33305004495a9","hash":"8ade5e5f367724c4d4fd0233cdcb920567c598b3"}
}
